Vivado Simulator v2021.1
Copyright 1986-1999, 2001-2021 Xilinx, Inc. All Rights Reserved.
Running: D:/Xilinx/Vivado/2021.1/bin/unwrapped/win64.o/xelab.exe -wto 5ad5dacdfc9c4e70921eec3814c32b4d --incr --debug typical --relax --mt 2 -L xil_defaultlib -L secureip --snapshot top_behav xil_defaultlib.top -log elaborate.log 
Using 2 slave threads.
Starting static elaboration
Completed static elaboration
Starting simulation data flow analysis
Completed simulation data flow analysis
Time Resolution for simulation is 1ps
Compiling package std.standard
Compiling package std.textio
Compiling package ieee.std_logic_1164
Compiling package ieee.numeric_std
Compiling architecture arch of entity xil_defaultlib.baud_gen [baud_gen_default]
Compiling architecture behavioral of entity xil_defaultlib.interface_fifo [interface_fifo_default]
Compiling architecture arch of entity xil_defaultlib.uart_tx [uart_tx_default]
Compiling architecture arch of entity xil_defaultlib.uart_rx [uart_rx_default]
Compiling architecture behavioral of entity xil_defaultlib.ram [ram_default]
Compiling architecture behavioral of entity xil_defaultlib.Classifier [classifier_default]
Compiling architecture behavioral of entity xil_defaultlib.top
Built simulation snapshot top_behav
